app/build/outputs/logs/manifest-merger-debug-report.txt
-- Merging decision tree log ---
manifest
ADDED from src\main\AndroidManifest.xml:2:1-78:12
	package
		ADDED from src\main\AndroidManifest.xml:3:5-38
		INJECTED from src\main\AndroidManifest.xml
		INJECTED from src\main\AndroidManifest.xml
	android:versionName
		INJECTED from src\main\AndroidManifest.xml
		INJECTED from src\main\AndroidManifest.xml
	xmlns:android
		ADDED from src\main\AndroidManifest.xml:2:11-69
	android:versionCode
		INJECTED from src\main\AndroidManifest.xml
		INJECTED from src\main\AndroidManifest.xml
uses-permission#android.permission.EXPAND_STATUS_BAR
ADDED from src\main\AndroidManifest.xml:5:5-76
	android:name
		ADDED from src\main\AndroidManifest.xml:5:22-73
uses-permission#cyanogenmod.permission.PUBLISH_CUSTOM_TILE
ADDED from src\main\AndroidManifest.xml:6:5-82
	android:name
		ADDED from src\main\AndroidManifest.xml:6:22-79
application
ADDED from src\main\AndroidManifest.xml:8:5-76:19
	android:label
		ADDED from src\main\AndroidManifest.xml:16:9-41
	android:supportsRtl
		ADDED from src\main\AndroidManifest.xml:12:9-36
	android:fullBackupContent
		ADDED from src\main\AndroidManifest.xml:10:9-41
	android:roundIcon
		ADDED from src\main\AndroidManifest.xml:14:3-42
	android:allowBackup
		ADDED from src\main\AndroidManifest.xml:11:9-35
	android:icon
		ADDED from src\main\AndroidManifest.xml:13:9-43
	android:theme
		ADDED from src\main\AndroidManifest.xml:15:3-34
	android:name
		ADDED from src\main\AndroidManifest.xml:9:3-39
activity#tool.xfy9326.keyblocker.activity.MainActivity
ADDED from src\main\AndroidManifest.xml:18:9-26:20
	android:label
		ADDED from src\main\AndroidManifest.xml:20:13-45
	android:launchMode
		ADDED from src\main\AndroidManifest.xml:21:13-43
	android:name
		ADDED from src\main\AndroidManifest.xml:19:13-50
intent-filter#android.intent.action.MAIN+android.intent.category.LAUNCHER
ADDED from src\main\AndroidManifest.xml:22:13-25:29
action#android.intent.action.MAIN
ADDED from src\main\AndroidManifest.xml:23:17-69
	android:name
		ADDED from src\main\AndroidManifest.xml:23:25-66
category#android.intent.category.LAUNCHER
ADDED from src\main\AndroidManifest.xml:24:17-77
	android:name
		ADDED from src\main\AndroidManifest.xml:24:27-74
activity#tool.xfy9326.keyblocker.activity.SettingsActivity
ADDED from src\main\AndroidManifest.xml:27:3-30:20
	android:label
		ADDED from src\main\AndroidManifest.xml:29:4-35
	android:name
		ADDED from src\main\AndroidManifest.xml:28:13-54
service#tool.xfy9326.keyblocker.service.KeyBlockService
ADDED from src\main\AndroidManifest.xml:32:9-42:19
	android:label
		ADDED from src\main\AndroidManifest.xml:34:13-45
	android:permission
		ADDED from src\main\AndroidManifest.xml:35:13-79
	android:name
		ADDED from src\main\AndroidManifest.xml:33:13-52
intent-filter#android.accessibilityservice.AccessibilityService
ADDED from src\main\AndroidManifest.xml:36:13-38:29
action#android.accessibilityservice.AccessibilityService
ADDED from src\main\AndroidManifest.xml:37:17-92
	android:name
		ADDED from src\main\AndroidManifest.xml:37:25-89
meta-data#android.accessibilityservice
ADDED from src\main\AndroidManifest.xml:39:13-41:58
	android:resource
		ADDED from src\main\AndroidManifest.xml:41:17-55
	android:name
		ADDED from src\main\AndroidManifest.xml:40:17-60
service#tool.xfy9326.keyblocker.service.QuickSettingService
ADDED from src\main\AndroidManifest.xml:43:9-51:19
	android:label
		ADDED from src\main\AndroidManifest.xml:46:13-45
	android:permission
		ADDED from src\main\AndroidManifest.xml:47:13-77
	android:icon
		ADDED from src\main\AndroidManifest.xml:45:13-53
	android:name
		ADDED from src\main\AndroidManifest.xml:44:13-56
intent-filter#android.service.quicksettings.action.QS_TILE
ADDED from src\main\AndroidManifest.xml:48:13-50:29
action#android.service.quicksettings.action.QS_TILE
ADDED from src\main\AndroidManifest.xml:49:17-87
	android:name
		ADDED from src\main\AndroidManifest.xml:49:25-84
receiver#tool.xfy9326.keyblocker.receiver.RemoteReceiver
ADDED from src\main\AndroidManifest.xml:53:9-59:20
	android:exported
		ADDED from src\main\AndroidManifest.xml:55:13-37
	android:name
		ADDED from src\main\AndroidManifest.xml:54:13-52
intent-filter#tool.xfy9326.keyblocker.action.REMOTE_CONTROL_ACTION
ADDED from src\main\AndroidManifest.xml:56:13-58:29
action#tool.xfy9326.keyblocker.action.REMOTE_CONTROL_ACTION
ADDED from src\main\AndroidManifest.xml:57:17-95
	android:name
		ADDED from src\main\AndroidManifest.xml:57:25-92
receiver#tool.xfy9326.keyblocker.receiver.WidgetProvider
ADDED from src\main\AndroidManifest.xml:60:9-69:20
	android:name
		ADDED from src\main\AndroidManifest.xml:60:19-58
intent-filter#android.appwidget.action.APPWIDGET_UPDATE+tool.xfy9326.keyblocker.action.APPWIDGET_CLICK_ACTION+tool.xfy9326.keyblocker.action.APPWIDGET_UPDATE_ACTION
ADDED from src\main\AndroidManifest.xml:61:13-65:29
action#android.appwidget.action.APPWIDGET_UPDATE
ADDED from src\main\AndroidManifest.xml:62:17-84
	android:name
		ADDED from src\main\AndroidManifest.xml:62:25-81
action#tool.xfy9326.keyblocker.action.APPWIDGET_CLICK_ACTION
ADDED from src\main\AndroidManifest.xml:63:17-96
	android:name
		ADDED from src\main\AndroidManifest.xml:63:25-93
action#tool.xfy9326.keyblocker.action.APPWIDGET_UPDATE_ACTION
ADDED from src\main\AndroidManifest.xml:64:17-97
	android:name
		ADDED from src\main\AndroidManifest.xml:64:25-94
meta-data#android.appwidget.provider
ADDED from src\main\AndroidManifest.xml:66:13-68:58
	android:resource
		ADDED from src\main\AndroidManifest.xml:68:17-55
	android:name
		ADDED from src\main\AndroidManifest.xml:67:17-58
receiver#tool.xfy9326.keyblocker.receiver.CmTileReceiver
ADDED from src\main\AndroidManifest.xml:70:9-75:20
	android:name
		ADDED from src\main\AndroidManifest.xml:70:19-58
intent-filter#android.intent.action.BOOT_COMPLETED+tool.xfy9326.keyblocker.action.CMKeyBlocker
ADDED from src\main\AndroidManifest.xml:71:13-74:29
action#tool.xfy9326.keyblocker.action.CMKeyBlocker
ADDED from src\main\AndroidManifest.xml:72:17-85
	android:name
		ADDED from src\main\AndroidManifest.xml:72:25-83
action#android.intent.action.BOOT_COMPLETED
ADDED from src\main\AndroidManifest.xml:73:17-78
	android:name
		ADDED from src\main\AndroidManifest.xml:73:25-76
uses-sdk
INJECTED from src\main\AndroidManifest.xml reason: use-sdk injection requested
	android:targetSdkVersion
		INJECTED from src\main\AndroidManifest.xml
		INJECTED from src\main\AndroidManifest.xml
	android:minSdkVersion
		INJECTED from src\main\AndroidManifest.xml
		INJECTED from src\main\AndroidManifest.xml